<?xml version="1.0" encoding="UTF-8"?>
<!-- Generated by org.testng.reporters.JUnitReportReporter -->
<testsuite skipped="0" hostname="DESKTOP-DH8ILCE" name="com.demo.DemoIndex" tests="2" failures="0" timestamp="2020-10-12T10:12:18 IST" time="17.128" errors="0">
  <testcase name="demoTest" time="5.765" classname="com.demo.DemoIndex"/>
  <system-out>
<br>Verify user can see gmail login screen.<br> <br>1Enter email.<br> <br>2Click on Next button.<br> <br>3Enter password.<br> <br>4Click on Next button.<br>  </system-out>
  <testcase name="demoTest" time="11.363" classname="com.demo.DemoIndex"/>
  <system-out>
<br>Verify user can see gmail login screen.<br> <br>5Enter email.<br> <br>6Click on Next button.<br> <br>7Enter password.<br> <br>8Click on Next button.<br>  </system-out>
</testsuite> <!-- com.demo.DemoIndex -->
